::1 - - [22/Mar/2016:15:19:49 +0800] "GET / HTTP/1.1" 200 79974
::1 - - [22/Mar/2016:15:19:49 +0800] "GET /index.php?=PHPE9568F34-D428-11d2-A769-00AA001ACF42 HTTP/1.1" 200 2524
::1 - - [22/Mar/2016:15:19:49 +0800] "GET /style.css HTTP/1.1" 200 3041
::1 - - [22/Mar/2016:15:19:49 +0800] "GET /images/header.png HTTP/1.1" 200 7766
::1 - - [22/Mar/2016:15:19:49 +0800] "GET /index.php?=PHPE9568F35-D428-11d2-A769-00AA001ACF42 HTTP/1.1" 200 2146
::1 - - [22/Mar/2016:15:19:49 +0800] "GET /images/background.jpg HTTP/1.1" 200 12386
::1 - - [22/Mar/2016:15:19:49 +0800] "GET /images/content.jpg HTTP/1.1" 200 11916
::1 - - [22/Mar/2016:15:19:49 +0800] "GET /images/menuright.jpg HTTP/1.1" 200 11239
::1 - - [22/Mar/2016:15:19:49 +0800] "GET /images/menuleft.jpg HTTP/1.1" 200 11236
::1 - - [22/Mar/2016:15:19:49 +0800] "GET /images/menu.jpg HTTP/1.1" 200 11219
::1 - - [22/Mar/2016:15:19:49 +0800] "GET /images/topcontent.jpg HTTP/1.1" 200 11578
::1 - - [22/Mar/2016:15:19:49 +0800] "GET /images/banner.jpg HTTP/1.1" 200 38149
::1 - - [22/Mar/2016:15:19:58 +0800] "GET /phpmyadmin HTTP/1.1" 301 241
::1 - - [22/Mar/2016:15:19:58 +0800] "GET /phpmyadmin/ HTTP/1.1" 200 8469
::1 - - [22/Mar/2016:15:19:59 +0800] "GET /phpmyadmin/themes/pmahomme/jquery/jquery-ui-1.9.2.custom.css HTTP/1.1" 200 32278
::1 - - [22/Mar/2016:15:19:59 +0800] "GET /phpmyadmin/themes/dot.gif HTTP/1.1" 200 43
::1 - - [22/Mar/2016:15:19:59 +0800] "GET /phpmyadmin/themes/pmahomme/img/logo_right.png HTTP/1.1" 200 4548
::1 - - [22/Mar/2016:15:19:59 +0800] "GET /phpmyadmin/js/get_scripts.js.php?scripts[]=jquery/jquery-1.8.3.js&scripts[]=ajax.js&scripts[]=keyhandler.js&scripts[]=jquery/jquery-ui-1.9.2.custom.js&scripts[]=jquery/jquery.sprintf.js&scripts[]=jquery/jquery.cookie.js&scripts[]=jquery/jquery.mousewheel.js&scripts[]=jquery/jquery.event.drag-2.2.js&scripts[]=jquery/jquery-ui-timepicker-addon.js&scripts[]=jquery/jquery.ba-hashchange-1.3.js&scripts[]=jquery/jquery.debounce-1.0.5.js&scripts[]=jquery/jquery.menuResizer-1.0.js&scripts[]=rte.js&scripts[]=functions.js&scripts[]=navigation.js&scripts[]=indexes.js&scripts[]=common.js&scripts[]=codemirror/lib/codemirror.js&scripts[]=codemirror/mode/mysql/mysql.js HTTP/1.1" 200 578562
::1 - - [22/Mar/2016:15:19:59 +0800] "GET /phpmyadmin/phpmyadmin.css.php?server=1&lang=en&collation_connection=utf8_general_ci&token=3fff52134d715b08ab7a6db913948d05&nocache=4125195912ltr HTTP/1.1" 200 88608
::1 - - [22/Mar/2016:15:19:59 +0800] "GET /phpmyadmin/js/get_image.js.php?theme=pmahomme HTTP/1.1" 200 6263
::1 - - [22/Mar/2016:15:19:59 +0800] "GET /phpmyadmin/js/messages.php?lang=en&db=&server=0&collation_connection=utf8_general_ci&token=3dba44882516d1c19d69a812d42b0d8a HTTP/1.1" 200 16674
::1 - - [22/Mar/2016:15:19:59 +0800] "GET /phpmyadmin/themes/pmahomme/img/sprites.png HTTP/1.1" 200 61899
::1 - - [22/Mar/2016:15:22:29 +0800] "POST /phpmyadmin/index.php HTTP/1.1" 302 -
::1 - - [22/Mar/2016:15:22:29 +0800] "GET /phpmyadmin/index.php?token=3fff52134d715b08ab7a6db913948d05 HTTP/1.1" 200 42535
::1 - - [22/Mar/2016:15:22:29 +0800] "GET /phpmyadmin/themes/pmahomme/img/ajax_clock_small.gif HTTP/1.1" 200 1810
::1 - - [22/Mar/2016:15:22:29 +0800] "GET /phpmyadmin/themes/pmahomme/img/logo_left.png HTTP/1.1" 200 2327
::1 - - [22/Mar/2016:15:22:29 +0800] "GET /phpmyadmin/phpmyadmin.css.php?server=1&token=3fff52134d715b08ab7a6db913948d05&nocache=5583827261ltr HTTP/1.1" 200 88608
::1 - - [22/Mar/2016:15:22:29 +0800] "GET /phpmyadmin/js/messages.php?lang=en&db=&server=0&token=3fff52134d715b08ab7a6db913948d05 HTTP/1.1" 200 16674
::1 - - [22/Mar/2016:15:22:29 +0800] "GET /phpmyadmin/themes/pmahomme/img/left_nav_bg.png HTTP/1.1" 200 297
::1 - - [22/Mar/2016:15:22:29 +0800] "GET /phpmyadmin/version_check.php?&_nocache=1458631349557610374 HTTP/1.1" 200 41
::1 - - [22/Mar/2016:15:23:35 +0800] "GET /phpmyadmin/ HTTP/1.1" 200 42535
::1 - - [22/Mar/2016:15:23:35 +0800] "GET /phpmyadmin/version_check.php?&_nocache=1458631415641855019 HTTP/1.1" 200 41
::1 - - [22/Mar/2016:15:23:38 +0800] "GET /phpmyadmin/server_sql.php?db=&token=3fff52134d715b08ab7a6db913948d05&ajax_request=true&ajax_page_request=true&menuHashes=0b0992e5&_nocache=1458631418977958080 HTTP/1.1" 200 6548
::1 - - [22/Mar/2016:15:23:39 +0800] "GET /phpmyadmin/js/get_scripts.js.php?scripts[]=makegrid.js&scripts[]=sql.js HTTP/1.1" 200 35099
::1 - - [22/Mar/2016:15:24:22 +0800] "POST /phpmyadmin/import.php HTTP/1.1" 200 1470
::1 - - [22/Mar/2016:15:24:22 +0800] "POST /phpmyadmin/navigation.php?ajax_request=1&token=3fff52134d715b08ab7a6db913948d05 HTTP/1.1" 200 1290
::1 - - [22/Mar/2016:15:24:29 +0800] "GET /phpmyadmin/server_sql.php?db=&token=3fff52134d715b08ab7a6db913948d05&ajax_request=true&ajax_page_request=true&menuHashes=0b0992e5-f41108a5&_nocache=1458631469860720278 HTTP/1.1" 200 3798
::1 - - [22/Mar/2016:15:24:31 +0800] "GET /phpmyadmin/server_databases.php?db=&token=3fff52134d715b08ab7a6db913948d05&ajax_request=true&ajax_page_request=true&menuHashes=0b0992e5-f41108a5&_nocache=1458631471067914336 HTTP/1.1" 200 33847
::1 - - [22/Mar/2016:15:24:31 +0800] "GET /phpmyadmin/themes/pmahomme/img/arrow_ltr.png HTTP/1.1" 200 139
::1 - - [22/Mar/2016:15:24:31 +0800] "GET /phpmyadmin/js/get_scripts.js.php?scripts[]=server_databases.js HTTP/1.1" 200 1818
::1 - - [22/Mar/2016:15:24:48 +0800] "GET /phpmyadmin/server_privileges.php?token=3fff52134d715b08ab7a6db913948d05&checkprivs=raevosql&ajax_request=true&ajax_page_request=true&menuHashes=0b0992e5-f41108a5-b23b44d9&_nocache=1458631488744759969 HTTP/1.1" 200 7073
::1 - - [22/Mar/2016:15:24:48 +0800] "GET /phpmyadmin/js/get_scripts.js.php?scripts[]=server_privileges.js HTTP/1.1" 200 9268
::1 - - [22/Mar/2016:15:24:48 +0800] "POST /phpmyadmin/navigation.php?ajax_request=1&token=3fff52134d715b08ab7a6db913948d05 HTTP/1.1" 200 1290
::1 - - [22/Mar/2016:15:25:13 +0800] "GET /phpmyadmin/server_status.php?db=&token=3fff52134d715b08ab7a6db913948d05&ajax_request=true&ajax_page_request=true&menuHashes=0b0992e5-f41108a5-b23b44d9-473b93f7&_nocache=1458631513640639245 HTTP/1.1" 200 8858
::1 - - [22/Mar/2016:15:25:13 +0800] "GET /phpmyadmin/themes/pmahomme/img/s_fulltext.png HTTP/1.1" 200 193
::1 - - [22/Mar/2016:15:25:16 +0800] "GET /phpmyadmin/server_status.php?token=3fff52134d715b08ab7a6db913948d05&ajax_request=true&ajax_page_request=true&menuHashes=0b0992e5-f41108a5-b23b44d9-473b93f7-acc54666&_nocache=1458631516337325932 HTTP/1.1" 200 6110
::1 - - [22/Mar/2016:15:25:17 +0800] "GET /phpmyadmin/server_databases.php?db=&token=3fff52134d715b08ab7a6db913948d05&ajax_request=true&ajax_page_request=true&menuHashes=0b0992e5-f41108a5-b23b44d9-473b93f7-acc54666&_nocache=1458631517158765194 HTTP/1.1" 200 31097
::1 - - [22/Mar/2016:15:25:19 +0800] "POST /phpmyadmin/navigation.php?ajax_request=1&token=3fff52134d715b08ab7a6db913948d05 HTTP/1.1" 200 1290
::1 - - [22/Mar/2016:15:25:19 +0800] "GET /phpmyadmin/server_privileges.php?token=3fff52134d715b08ab7a6db913948d05&checkprivs=raevosql&ajax_request=true&ajax_page_request=true&menuHashes=0b0992e5-f41108a5-b23b44d9-473b93f7-acc54666&_nocache=1458631519778239843 HTTP/1.1" 200 4323
::1 - - [22/Mar/2016:15:25:21 +0800] "GET /phpmyadmin/server_databases.php?db=&token=3fff52134d715b08ab7a6db913948d05&ajax_request=true&ajax_page_request=true&menuHashes=0b0992e5-f41108a5-b23b44d9-473b93f7-acc54666&_nocache=1458631521519555353 HTTP/1.1" 200 31097
::1 - - [22/Mar/2016:15:25:23 +0800] "GET /phpmyadmin/navigation.php?ajax_request=1&token=3fff52134d715b08ab7a6db913948d05&aPath=cm9vdA%3D%3D.cmFldm9zcWw%3D&vPath=cm9vdA%3D%3D.cmFldm9zcWw%3D&pos=0&pos2_name=&pos2_value=&searchClause=&searchClause2=&_nocache=145863152362682710 HTTP/1.1" 200 97
::1 - - [22/Mar/2016:15:25:25 +0800] "GET /phpmyadmin/server_sql.php?db=&token=3fff52134d715b08ab7a6db913948d05&ajax_request=true&ajax_page_request=true&menuHashes=0b0992e5-f41108a5-b23b44d9-473b93f7-acc54666&_nocache=1458631525324772529 HTTP/1.1" 200 3798
::1 - - [22/Mar/2016:15:25:26 +0800] "GET /phpmyadmin/server_status.php?db=&token=3fff52134d715b08ab7a6db913948d05&ajax_request=true&ajax_page_request=true&menuHashes=0b0992e5-f41108a5-b23b44d9-473b93f7-acc54666&_nocache=1458631526501721592 HTTP/1.1" 200 6109
::1 - - [22/Mar/2016:15:25:27 +0800] "GET /phpmyadmin/server_databases.php?db=&token=3fff52134d715b08ab7a6db913948d05&ajax_request=true&ajax_page_request=true&menuHashes=0b0992e5-f41108a5-b23b44d9-473b93f7-acc54666&_nocache=1458631527105580936 HTTP/1.1" 200 31097
::1 - - [22/Mar/2016:15:25:28 +0800] "POST /phpmyadmin/navigation.php?ajax_request=1&token=3fff52134d715b08ab7a6db913948d05 HTTP/1.1" 200 1290
::1 - - [22/Mar/2016:15:25:28 +0800] "GET /phpmyadmin/server_privileges.php?token=3fff52134d715b08ab7a6db913948d05&checkprivs=raevosql&ajax_request=true&ajax_page_request=true&menuHashes=0b0992e5-f41108a5-b23b44d9-473b93f7-acc54666&_nocache=1458631528724443716 HTTP/1.1" 200 4323
::1 - - [22/Mar/2016:15:25:30 +0800] "GET /phpmyadmin/server_privileges.php?token=3fff52134d715b08ab7a6db913948d05&adduser=1&dbname=raevosql&ajax_request=true&_nocache=1458631530270273934 HTTP/1.1" 200 15437
::1 - - [22/Mar/2016:15:36:05 +0800] "GET / HTTP/1.1" 200 80151
::1 - - [22/Mar/2016:15:36:18 +0800] "GET /index.php?=PHPE9568F35-D428-11d2-A769-00AA001ACF42 HTTP/1.1" 200 2146
::1 - - [22/Mar/2016:15:36:18 +0800] "GET /index.php?=PHPE9568F34-D428-11d2-A769-00AA001ACF42 HTTP/1.1" 200 2524
::1 - - [22/Mar/2016:15:37:07 +0800] "GET / HTTP/1.1" 200 80153
::1 - - [22/Mar/2016:15:39:31 +0800] "GET / HTTP/1.1" 302 -
::1 - - [22/Mar/2016:15:39:31 +0800] "GET /wp-admin/setup-config.php HTTP/1.1" 200 2451
::1 - - [22/Mar/2016:15:39:33 +0800] "GET /wp-includes/css/buttons.min.css?ver=4.4.2 HTTP/1.1" 200 6361
::1 - - [22/Mar/2016:15:39:33 +0800] "GET /wp-admin/css/install.min.css?ver=4.4.2 HTTP/1.1" 200 5817
::1 - - [22/Mar/2016:15:39:33 +0800] "GET /wp-includes/js/jquery/jquery-migrate.min.js?ver=1.2.1 HTTP/1.1" 200 7200
::1 - - [22/Mar/2016:15:39:33 +0800] "GET /wp-admin/js/language-chooser.min.js?ver=4.4.2 HTTP/1.1" 200 374
::1 - - [22/Mar/2016:15:39:33 +0800] "GET /wp-includes/js/jquery/jquery.js?ver=1.11.3 HTTP/1.1" 200 95977
::1 - - [22/Mar/2016:15:39:44 +0800] "GET /wp-admin/setup-config.php HTTP/1.1" 200 2451
::1 - - [22/Mar/2016:15:39:55 +0800] "GET /wp-admin/images/wordpress-logo.svg?ver=20131107 HTTP/1.1" 200 1521
::1 - - [22/Mar/2016:15:40:08 +0800] "GET /wp-admin/setup-config.php?step=1&language=zh_CN HTTP/1.1" 200 2883
::1 - - [22/Mar/2016:15:41:35 +0800] "GET /phpmyadmin/ HTTP/1.1" 200 43128
::1 - - [22/Mar/2016:15:41:35 +0800] "GET /phpmyadmin/server_databases.php?db=&token=3fff52134d715b08ab7a6db913948d05&ajax_request=true&ajax_page_request=true&menuHashes=0b0992e5&_nocache=1458632436259234334 HTTP/1.1" 200 33847
::1 - - [22/Mar/2016:15:41:36 +0800] "GET /phpmyadmin/version_check.php?&_nocache=1458632496124469700 HTTP/1.1" 200 41
::1 - - [22/Mar/2016:15:42:26 +0800] "GET /phpmyadmin/server_databases.php?db=&token=3fff52134d715b08ab7a6db913948d05&ajax_request=true&ajax_page_request=true&menuHashes=0b0992e5&_nocache=1458632525265360156 HTTP/1.1" 200 33847
::1 - - [22/Mar/2016:15:42:36 +0800] "GET /phpmyadmin/server_privileges.php?token=3fff52134d715b08ab7a6db913948d05&checkprivs=raevosql&ajax_request=true&ajax_page_request=true&menuHashes=0b0992e5-b23b44d9&_nocache=1458632556568493434 HTTP/1.1" 200 7073
::1 - - [22/Mar/2016:15:42:36 +0800] "POST /phpmyadmin/navigation.php?ajax_request=1&token=3fff52134d715b08ab7a6db913948d05 HTTP/1.1" 200 1290
::1 - - [22/Mar/2016:15:43:20 +0800] "POST /wp-admin/setup-config.php?step=2 HTTP/1.1" 200 1611
::1 - - [22/Mar/2016:15:43:35 +0800] "GET /wp-admin/install.php?language=zh_CN HTTP/1.1" 200 6328
::1 - - [22/Mar/2016:15:43:36 +0800] "GET /wp-includes/css/dashicons.min.css?ver=4.4.2 HTTP/1.1" 200 46136
::1 - - [22/Mar/2016:15:43:36 +0800] "GET /wp-includes/js/wp-util.min.js?ver=4.4.2 HTTP/1.1" 200 1053
::1 - - [22/Mar/2016:15:43:36 +0800] "GET /wp-includes/js/zxcvbn-async.min.js?ver=1.0 HTTP/1.1" 200 324
::1 - - [22/Mar/2016:15:43:36 +0800] "GET /wp-admin/js/user-profile.min.js?ver=4.4.2 HTTP/1.1" 200 5981
::1 - - [22/Mar/2016:15:43:36 +0800] "GET /wp-admin/js/password-strength-meter.min.js?ver=4.4.2 HTTP/1.1" 200 737
::1 - - [22/Mar/2016:15:43:36 +0800] "GET /wp-includes/js/underscore.min.js?ver=1.6.0 HTTP/1.1" 200 14643
::1 - - [22/Mar/2016:15:43:36 +0800] "GET /wp-includes/fonts/dashicons.eot HTTP/1.1" 200 42118
::1 - - [22/Mar/2016:15:43:36 +0800] "GET /wp-includes/js/zxcvbn.min.js HTTP/1.1" 200 698728
::1 - - [22/Mar/2016:15:44:40 +0800] "POST /wp-admin/install.php?step=2 HTTP/1.1" 200 3496
::1 - - [22/Mar/2016:15:45:06 +0800] "GET /wp-login.php HTTP/1.1" 200 2627
::1 - - [22/Mar/2016:15:45:06 +0800] "GET /2016/03/22/hello-world/ HTTP/1.0" 404 221
::1 - - [22/Mar/2016:15:45:06 +0800] "GET /wp-admin/css/login.min.css?ver=4.4.2 HTTP/1.1" 200 24630
::1 - - [22/Mar/2016:15:45:06 +0800] "GET /index.php/2016/03/22/hello-world/ HTTP/1.0" 301 -
::1 - - [22/Mar/2016:15:45:17 +0800] "POST /wp-login.php HTTP/1.1" 200 3597
::1 - - [22/Mar/2016:15:45:06 +0800] "POST /wp-cron.php?doing_wp_cron=1458632706.7074630260467529296875 HTTP/1.0" 200 -
::1 - - [22/Mar/2016:15:45:24 +0800] "POST /wp-login.php HTTP/1.1" 302 -
::1 - - [22/Mar/2016:15:45:26 +0800] "GET /wp-includes/js/thickbox/thickbox.css?ver=4.4.2 HTTP/1.1" 200 2151
::1 - - [22/Mar/2016:15:45:26 +0800] "GET /wp-admin/load-scripts.php?c=0&load%5B%5D=jquery-core,jquery-migrate,utils&ver=4.4.2 HTTP/1.1" 200 105005
::1 - - [22/Mar/2016:15:45:26 +0800] "GET /wp-admin/load-styles.php?c=0&dir=ltr&load=dashicons,admin-bar,wp-admin,buttons,wp-auth-check&ver=4.4.2 HTTP/1.1" 200 314065
::1 - - [22/Mar/2016:15:45:26 +0800] "GET /wp-includes/js/wp-emoji-release.min.js?ver=4.4.2 HTTP/1.1" 200 33713
::1 - - [22/Mar/2016:15:45:26 +0800] "GET /wp-includes/css/editor.min.css?ver=4.4.2 HTTP/1.1" 200 25408
::1 - - [22/Mar/2016:15:45:24 +0800] "GET /wp-admin/ HTTP/1.1" 200 47403
::1 - - [22/Mar/2016:15:45:26 +0800] "GET /wp-admin/load-scripts.php?c=0&load%5B%5D=hoverIntent,common,admin-bar,wp-ajax-response,jquery-color,wp-lists,quicktags,jquery-query,admin-comments,jquery-ui-core,jquery-&load%5B%5D=ui-widget,jquery-ui-mouse,jquery-ui-sortable,postbox,dashboard,underscore,customize-base,customize-loader,thickbox,plugin-instal&load%5B%5D=l,shortcode,media-upload,svg-painter,heartbeat,wp-auth-check,wplink&ver=4.4.2 HTTP/1.1" 200 181200
::1 - - [22/Mar/2016:15:45:26 +0800] "GET /wp-includes/js/thickbox/loadingAnimation.gif HTTP/1.1" 200 15238
::1 - - [22/Mar/2016:15:45:26 +0800] "POST /wp-cron.php?doing_wp_cron=1458632726.6359839439392089843750 HTTP/1.0" 200 -
::1 - - [22/Mar/2016:15:45:26 +0800] "GET /wp-admin/admin-ajax.php?action=wp-compression-test&test=1&1458632726412 HTTP/1.1" 200 1114
::1 - - [22/Mar/2016:15:45:26 +0800] "GET /wp-admin/admin-ajax.php?action=wp-compression-test&test=2&1458632726990 HTTP/1.1" 200 572
::1 - - [22/Mar/2016:15:45:27 +0800] "GET /wp-admin/admin-ajax.php?action=wp-compression-test&test=yes&1458632727262 HTTP/1.1" 200 1
::1 - - [22/Mar/2016:15:45:31 +0800] "GET /wp-admin/load-scripts.php?c=1&load%5B%5D=jquery-core,jquery-migrate,utils&ver=4.4.2 HTTP/1.1" 200 40138
::1 - - [22/Mar/2016:15:45:31 +0800] "GET /wp-admin/load-styles.php?c=1&dir=ltr&load=dashicons,admin-bar,wp-admin,buttons,wp-auth-check&ver=4.4.2 HTTP/1.1" 200 89379
::1 - - [22/Mar/2016:15:45:31 +0800] "GET /wp-admin/index.php HTTP/1.1" 200 46396
::1 - - [22/Mar/2016:15:45:31 +0800] "GET /wp-admin/load-scripts.php?c=1&load%5B%5D=hoverIntent,common,admin-bar,wp-ajax-response,jquery-color,wp-lists,quicktags,jquery-query,admin-comments,jquery-ui-core,jquery-&load%5B%5D=ui-widget,jquery-ui-mouse,jquery-ui-sortable,postbox,dashboard,underscore,customize-base,customize-loader,thickbox,plugin-instal&load%5B%5D=l,shortcode,media-upload,svg-painter,heartbeat,wp-auth-check,wplink&ver=4.4.2 HTTP/1.1" 200 61105
::1 - - [22/Mar/2016:15:45:26 +0800] "GET /wp-admin/admin-ajax.php?action=dashboard-widgets&widget=dashboard_primary&pagenow=dashboard HTTP/1.1" 200 1378
::1 - - [22/Mar/2016:15:45:31 +0800] "GET /wp-admin/admin-ajax.php?action=dashboard-widgets&widget=dashboard_primary&pagenow=dashboard HTTP/1.1" 200 948
::1 - - [22/Mar/2016:15:45:59 +0800] "GET / HTTP/1.1" 200 17212
::1 - - [22/Mar/2016:15:46:00 +0800] "GET /wp-includes/js/admin-bar.min.js?ver=4.4.2 HTTP/1.1" 200 7190
::1 - - [22/Mar/2016:15:46:00 +0800] "GET /wp-includes/css/admin-bar.min.css?ver=4.4.2 HTTP/1.1" 200 20232
::1 - - [22/Mar/2016:15:46:00 +0800] "GET /wp-content/themes/twentysixteen/js/skip-link-focus-fix.js?ver=20151112 HTTP/1.1" 200 1059
::1 - - [22/Mar/2016:15:46:00 +0800] "GET /wp-content/themes/twentysixteen/style.css?ver=4.4.2 HTTP/1.1" 200 68394
::1 - - [22/Mar/2016:15:46:00 +0800] "GET /wp-content/themes/twentysixteen/genericons/genericons.css?ver=3.4.1 HTTP/1.1" 200 28266
::1 - - [22/Mar/2016:15:46:00 +0800] "GET /wp-content/themes/twentysixteen/js/functions.js?ver=20151204 HTTP/1.1" 200 6800
::1 - - [22/Mar/2016:15:46:00 +0800] "GET /wp-includes/js/wp-embed.min.js?ver=4.4.2 HTTP/1.1" 200 1518
::1 - - [22/Mar/2016:15:46:31 +0800] "POST /wp-admin/admin-ajax.php HTTP/1.1" 200 47
